31-Dec-2019 11:25:09.505 INFO [main] org.apache.catalina.startup.VersionLoggerListener.log 서버 버전 이름:        Apache Tomcat/9.0.30
31-Dec-2019 11:25:09.516 INFO [main] org.apache.catalina.startup.VersionLoggerListener.log Server 빌드 시각:          Dec 7 2019 16:42:04 UTC
31-Dec-2019 11:25:09.517 INFO [main] org.apache.catalina.startup.VersionLoggerListener.log Server 버전 번호:         9.0.30.0
31-Dec-2019 11:25:09.518 INFO [main] org.apache.catalina.startup.VersionLoggerListener.log 운영체제 이름:               Windows 10
31-Dec-2019 11:25:09.519 INFO [main] org.apache.catalina.startup.VersionLoggerListener.log 운영체제 버전:            10.0
31-Dec-2019 11:25:09.519 INFO [main] org.apache.catalina.startup.VersionLoggerListener.log 아키텍처:          amd64
31-Dec-2019 11:25:09.520 INFO [main] org.apache.catalina.startup.VersionLoggerListener.log 자바 홈:             C:\Program Files\OpenJDK\jdk-12.0.2
31-Dec-2019 11:25:09.521 INFO [main] org.apache.catalina.startup.VersionLoggerListener.log JVM 버전:           12.0.2+10
31-Dec-2019 11:25:09.521 INFO [main] org.apache.catalina.startup.VersionLoggerListener.log JVM 벤더:            Oracle Corporation
31-Dec-2019 11:25:09.522 INFO [main] org.apache.catalina.startup.VersionLoggerListener.log CATALINA_BASE:         C:\Users\HyoungMin\pastcampus\tomcat\apache-tomcat-9.0.30
31-Dec-2019 11:25:09.522 INFO [main] org.apache.catalina.startup.VersionLoggerListener.log CATALINA_HOME:         C:\Users\HyoungMin\pastcampus\tomcat\apache-tomcat-9.0.30
31-Dec-2019 11:25:09.540 INFO [main] org.apache.catalina.startup.VersionLoggerListener.log 명령 행 아규먼트: --add-opens=java.base/java.lang=ALL-UNNAMED
31-Dec-2019 11:25:09.544 INFO [main] org.apache.catalina.startup.VersionLoggerListener.log 명령 행 아규먼트: --add-opens=java.base/java.io=ALL-UNNAMED
31-Dec-2019 11:25:09.549 INFO [main] org.apache.catalina.startup.VersionLoggerListener.log 명령 행 아규먼트: --add-opens=java.rmi/sun.rmi.transport=ALL-UNNAMED
31-Dec-2019 11:25:09.552 INFO [main] org.apache.catalina.startup.VersionLoggerListener.log 명령 행 아규먼트: -Djava.util.logging.config.file=C:\Users\HyoungMin\pastcampus\tomcat\apache-tomcat-9.0.30\conf\logging.properties
31-Dec-2019 11:25:09.556 INFO [main] org.apache.catalina.startup.VersionLoggerListener.log 명령 행 아규먼트: -Djava.util.logging.manager=org.apache.juli.ClassLoaderLogManager
31-Dec-2019 11:25:09.559 INFO [main] org.apache.catalina.startup.VersionLoggerListener.log 명령 행 아규먼트: -Djdk.tls.ephemeralDHKeySize=2048
31-Dec-2019 11:25:09.561 INFO [main] org.apache.catalina.startup.VersionLoggerListener.log 명령 행 아규먼트: -Djava.protocol.handler.pkgs=org.apache.catalina.webresources
31-Dec-2019 11:25:09.564 INFO [main] org.apache.catalina.startup.VersionLoggerListener.log 명령 행 아규먼트: -Dignore.endorsed.dirs=
31-Dec-2019 11:25:09.570 INFO [main] org.apache.catalina.startup.VersionLoggerListener.log 명령 행 아규먼트: -Dcatalina.base=C:\Users\HyoungMin\pastcampus\tomcat\apache-tomcat-9.0.30
31-Dec-2019 11:25:09.573 INFO [main] org.apache.catalina.startup.VersionLoggerListener.log 명령 행 아규먼트: -Dcatalina.home=C:\Users\HyoungMin\pastcampus\tomcat\apache-tomcat-9.0.30
31-Dec-2019 11:25:09.575 INFO [main] org.apache.catalina.startup.VersionLoggerListener.log 명령 행 아규먼트: -Djava.io.tmpdir=C:\Users\HyoungMin\pastcampus\tomcat\apache-tomcat-9.0.30\temp
31-Dec-2019 11:25:09.579 INFO [main] org.apache.catalina.core.AprLifecycleListener.lifecycleEvent APR 버전 [1.7.0]을(를) 사용한, APR 기반 Apache Tomcat Native 라이브러리 [1.2.23]을(를) 로드했습니다.
31-Dec-2019 11:25:09.584 INFO [main] org.apache.catalina.core.AprLifecycleListener.lifecycleEvent APR 용량정보들: IPv6 [true], sendfile [true], accept filters [false], random [true].
31-Dec-2019 11:25:09.591 INFO [main] org.apache.catalina.core.AprLifecycleListener.lifecycleEvent APR/OpenSSL 설정: useAprConnector [false], useOpenSSL [true]
31-Dec-2019 11:25:09.603 INFO [main] org.apache.catalina.core.AprLifecycleListener.initializeSSL OpenSSL이 성공적으로 초기화되었습니다: [OpenSSL 1.1.1c  28 May 2019]
31-Dec-2019 11:25:10.044 INFO [main] org.apache.coyote.AbstractProtocol.init 프로토콜 핸들러 ["http-nio-8080"]을(를) 초기화합니다.
31-Dec-2019 11:25:12.281 INFO [main] org.apache.coyote.AbstractProtocol.init 프로토콜 핸들러 ["ajp-nio-8009"]을(를) 초기화합니다.
31-Dec-2019 11:25:12.295 INFO [main] org.apache.catalina.startup.Catalina.load [3,205] 밀리초 내에 서버가 초기화되었습니다.
31-Dec-2019 11:25:12.385 INFO [main] org.apache.catalina.core.StandardService.startInternal 서비스 [Catalina]을(를) 시작합니다.
31-Dec-2019 11:25:12.390 INFO [main] org.apache.catalina.core.StandardEngine.startInternal 서버 엔진을 시작합니다: [Apache Tomcat/9.0.30]
31-Dec-2019 11:25:12.429 INFO [main] org.apache.catalina.startup.HostConfig.deployWAR 웹 애플리케이션 아카이브 [C:\Users\HyoungMin\pastcampus\tomcat\apache-tomcat-9.0.30\webapps\springbasic.war]을(를) 배치합니다.
31-Dec-2019 11:25:22.485 INFO [main] org.apache.jasper.servlet.TldScanner.scanJars 적어도 하나의 JAR가 TLD들을 찾기 위해 스캔되었으나 아무 것도 찾지 못했습니다. 스캔했으나 TLD가 없는 JAR들의 전체 목록을 보시려면, 로그 레벨을 디버그 레벨로 설정하십시오. 스캔 과정에서 불필요한 JAR들을 건너뛰면, 시스템 시작 시간과 JSP 컴파일 시간을 단축시킬 수 있습니다.
31-Dec-2019 11:25:24.585 WARNING [main] org.apache.catalina.util.SessionIdGeneratorBase.createSecureRandom [SHA1PRNG] 알고리즘을 사용하여, 세션 ID를 생성하기 위한 SecureRandom 객체를 생성하는데, [2,048] 밀리초가 소요됐습니다.
31-Dec-2019 11:25:24.632 INFO [main] org.apache.catalina.startup.HostConfig.deployWAR 웹 애플리케이션 아카이브 [C:\Users\HyoungMin\pastcampus\tomcat\apache-tomcat-9.0.30\webapps\springbasic.war]의 배치가 [12,204] 밀리초에 완료되었습니다.
31-Dec-2019 11:25:24.639 INFO [main] org.apache.catalina.startup.HostConfig.deployDirectory 웹 애플리케이션 디렉토리 [C:\Users\HyoungMin\pastcampus\tomcat\apache-tomcat-9.0.30\webapps\docs]을(를) 배치합니다.
31-Dec-2019 11:25:24.706 INFO [main] org.apache.catalina.startup.HostConfig.deployDirectory 웹 애플리케이션 디렉토리 [C:\Users\HyoungMin\pastcampus\tomcat\apache-tomcat-9.0.30\webapps\docs]에 대한 배치가 [68] 밀리초에 완료되었습니다.
31-Dec-2019 11:25:24.712 INFO [main] org.apache.catalina.startup.HostConfig.deployDirectory 웹 애플리케이션 디렉토리 [C:\Users\HyoungMin\pastcampus\tomcat\apache-tomcat-9.0.30\webapps\examples]을(를) 배치합니다.
31-Dec-2019 11:25:25.736 INFO [main] org.apache.catalina.startup.HostConfig.deployDirectory 웹 애플리케이션 디렉토리 [C:\Users\HyoungMin\pastcampus\tomcat\apache-tomcat-9.0.30\webapps\examples]에 대한 배치가 [1,023] 밀리초에 완료되었습니다.
31-Dec-2019 11:25:25.743 INFO [main] org.apache.catalina.startup.HostConfig.deployDirectory 웹 애플리케이션 디렉토리 [C:\Users\HyoungMin\pastcampus\tomcat\apache-tomcat-9.0.30\webapps\host-manager]을(를) 배치합니다.
31-Dec-2019 11:25:25.825 INFO [main] org.apache.catalina.startup.HostConfig.deployDirectory 웹 애플리케이션 디렉토리 [C:\Users\HyoungMin\pastcampus\tomcat\apache-tomcat-9.0.30\webapps\host-manager]에 대한 배치가 [81] 밀리초에 완료되었습니다.
31-Dec-2019 11:25:25.830 INFO [main] org.apache.catalina.startup.HostConfig.deployDirectory 웹 애플리케이션 디렉토리 [C:\Users\HyoungMin\pastcampus\tomcat\apache-tomcat-9.0.30\webapps\manager]을(를) 배치합니다.
31-Dec-2019 11:25:25.905 INFO [main] org.apache.catalina.startup.HostConfig.deployDirectory 웹 애플리케이션 디렉토리 [C:\Users\HyoungMin\pastcampus\tomcat\apache-tomcat-9.0.30\webapps\manager]에 대한 배치가 [76] 밀리초에 완료되었습니다.
31-Dec-2019 11:25:25.909 INFO [main] org.apache.catalina.startup.HostConfig.deployDirectory 웹 애플리케이션 디렉토리 [C:\Users\HyoungMin\pastcampus\tomcat\apache-tomcat-9.0.30\webapps\ROOT]을(를) 배치합니다.
31-Dec-2019 11:25:26.024 INFO [main] org.apache.catalina.startup.HostConfig.deployDirectory 웹 애플리케이션 디렉토리 [C:\Users\HyoungMin\pastcampus\tomcat\apache-tomcat-9.0.30\webapps\ROOT]에 대한 배치가 [114] 밀리초에 완료되었습니다.
31-Dec-2019 11:25:26.053 INFO [main] org.apache.coyote.AbstractProtocol.start 프로토콜 핸들러 ["http-nio-8080"]을(를) 시작합니다.
31-Dec-2019 11:25:26.090 INFO [main] org.apache.coyote.AbstractProtocol.start 프로토콜 핸들러 ["ajp-nio-8009"]을(를) 시작합니다.
31-Dec-2019 11:25:26.103 INFO [main] org.apache.catalina.startup.Catalina.start 서버가 [13,803] 밀리초 내에 시작되었습니다.
